Case #1: 
1011000011010101 7 2 11 2 29 2 11 2 7
1100101100011001 3 2 5 2 7 2 3 2 11
1111011111101111 3 2 5 2 7 2 3 2 11
1010000000000011 13 2 47 2 1543 2 62401 2 17
1011110011100101 3 2 5 2 5 2 3 2 11
1000011101000001 5 2 3 2 37 2 5 2 3
1111100001111111 3 2 3 2 7 2 3 2 3
1111111110110111 3 2 5 2 7 2 3 2 11
1010000100100011 7 2 3 2 13 2 59 2 3
1011001100110111 3 2 5 2 5 2 3 2 11
1010110111111101 3 2 3 2 7 2 3 2 3
1101100101101011 3 2 5 2 5 2 3 2 11
1101100011001111 3 2 5 2 5 2 3 2 11
1010100110001111 3 5 3 3 43 3 3 7 3
1001100001000011 3 2 3 2 7 2 3 2 3
1100110100111011 3 2 5 2 5 2 3 2 11
1110000100011111 7 13 3 31 43 3 73 7 3
1000011010000001 7 41 11 29 5 24469 29 7 11239
1010010111010111 5 2 17 2 5 2 5 2 17
1011010100100011 3 2 5 2 7 2 3 2 11
1100010011011001 7 2 61 2 211 2 5 2 47
1000101011010101 3 2 5 2 7 2 3 2 7
1000100001100011 5 2 3 2 37 2 5 2 3
1100011000111001 3 2 5 2 7 2 3 2 11
1011100101011101 7 2 1831 2 5 2 37 2 15017
1111000001001101 227 2 6551 2 22063 2 144341 2 43
1000010010010011 3 2 3 2 7 2 3 2 3
1010100001011101 3 2 5 2 7 2 3 2 7
1001100111000011 3 2 5 2 7 2 3 2 11
1111100111000011 3 2 5 2 5 2 3 2 11
1110101100011001 5 7 3 62869 11 3 1877 53 3
1100001011101101 139 5 3 199 11 3 5 11 3
1101001100011001 13 2 23 2 397 2 5 2 7
1100001100100111 3 2 5 2 7 2 3 2 11
1101110000111101 13 2 11 2 5 2 47 2 556069
1110010001011011 53 23 3 41 11 3 83 19 3
1110011011111011 29 2 3 2 13 2 421 2 3
1001100000001101 3 2 3 2 7 2 3 2 3
1101001100011011 11 2477 3 7 277 3 23 1847 3
1100001111111001 3 2 5 2 5 2 3 2 11
1110000000110001 3 2 3 2 7 2 3 2 3
1011011100100001 3 2 5 2 7 2 3 2 7
1001010000100111 17 167 23 2341 125197 13 7 31 47
1000001101111111 3 2 5 2 5 2 3 2 11
1000110111110001 7 5 3 31 43 3 5 7 3
1110111001101011 3 7 13 3 31 5 3 23 7
1011010110111111 3 2 3 2 7 2 3 2 3
1001011000111001 3 2 5 2 7 2 3 2 11
1001100100000001 13 17 7 73 5 229 11 883 239417
1110101100100011 3 59 3 3 11 3 3 47 3
