Case #1: 
c..**
...**
...**
...**
...**
Case #2: 
c**
.**
.**
.**
Case #3: 
c....
.....
.....
.....
.....
Case #4: 
c****
*****
Case #5: 
c...
....
....
..**
****
Case #6: 
c
.
.
Case #7: 
c..
...
..*
***
Case #8: 
Impossible
Case #9: 
c**
***
***
Case #10: 
Impossible
Case #11: 
c.**
..**
Case #12: 
Impossible
Case #13: 
c**
Case #14: 
c.
..
Case #15: 
c..*
Case #16: 
Impossible
Case #17: 
c....
Case #18: 
Impossible
Case #19: 
c.**
..**
..**
..**
Case #20: 
c....
...**
Case #21: 
c***
****
Case #22: 
c.***
..***
..***
..***
Case #23: 
c..
...
Case #24: 
Impossible
Case #25: 
c..*
...*
...*
Case #26: 
c...
....
Case #27: 
c..**
Case #28: 
c.
..
**
Case #29: 
Impossible
Case #30: 
c...
....
....
...*
****
Case #31: 
c...
....
****
****
Case #32: 
c..**
...**
...**
Case #33: 
Impossible
Case #34: 
c...
****
****
Case #35: 
Impossible
Case #36: 
Impossible
Case #37: 
c****
Case #38: 
Impossible
Case #39: 
c..
...
...
...
Case #40: 
c
.
Case #41: 
Impossible
Case #42: 
c****
*****
*****
*****
*****
Case #43: 
c
*
Case #44: 
Impossible
Case #45: 
Impossible
Case #46: 
Impossible
Case #47: 
c*
**
Case #48: 
c..
...
...
...
Case #49: 
c..
...
...
***
Case #50: 
c...
....
....
....
..**
Case #51: 
c...
....
..**
****
****
Case #52: 
c.
Case #53: 
c...
Case #54: 
c..
...
...
Case #55: 
c****
*****
*****
*****
*****
Case #56: 
c.***
Case #57: 
c.***
..***
..***
..***
..***
Case #58: 
Impossible
Case #59: 
Impossible
Case #60: 
Impossible
Case #61: 
c.*
..*
..*
..*
Case #62: 
c..
...
...
..*
Case #63: 
c....
.....
.....
.....
....*
Case #64: 
Impossible
Case #65: 
Impossible
Case #66: 
c...
....
Case #67: 
Impossible
Case #68: 
Impossible
Case #69: 
c...*
....*
....*
....*
Case #70: 
c...
....
....
....
Case #71: 
Impossible
Case #72: 
c*
Case #73: 
Impossible
Case #74: 
Impossible
Case #75: 
c....
.....
.....
.....
*****
Case #76: 
c....
.....
.....
.....
Case #77: 
c**
***
***
***
***
Case #78: 
c*
**
**
**
Case #79: 
c....
*****
*****
*****
Case #80: 
Impossible
Case #81: 
Impossible
Case #82: 
Impossible
Case #83: 
Impossible
Case #84: 
c.*
Case #85: 
c***
****
****
****
Case #86: 
Impossible
Case #87: 
c.*
..*
..*
..*
..*
Case #88: 
c....
.....
.....
....*
*****
Case #89: 
Impossible
Case #90: 
c****
*****
*****
*****
*****
Case #91: 
c...
....
****
Case #92: 
c..*
...*
****
Case #93: 
Impossible
Case #94: 
Impossible
Case #95: 
c...
....
....
****
****
Case #96: 
c...*
....*
Case #97: 
Impossible
Case #98: 
c***
Case #99: 
Impossible
Case #100: 
c.
..
..
Case #101: 
Impossible
Case #102: 
Impossible
Case #103: 
Impossible
Case #104: 
c.**
..**
..**
..**
..**
Case #105: 
Impossible
Case #106: 
c.
..
..
..
Case #107: 
c..**
...**
...**
...**
Case #108: 
c..
..*
***
***
***
Case #109: 
c..**
...**
*****
Case #110: 
c...
....
....
....
****
Case #111: 
Impossible
Case #112: 
Impossible
Case #113: 
Impossible
Case #114: 
Impossible
Case #115: 
Impossible
Case #116: 
c
*
*
Case #117: 
c**
***
***
Case #118: 
c****
*****
*****
*****
Case #119: 
c....
.....
.....
.....
Case #120: 
c
.
.
.
Case #121: 
c*
**
**
Case #122: 
c**
***
***
***
Case #123: 
c**
.**
.**
.**
.**
Case #124: 
c***
****
Case #125: 
c....
.....
*****
Case #126: 
c...*
....*
....*
Case #127: 
Impossible
Case #128: 
Impossible
Case #129: 
c*
**
**
**
Case #130: 
Impossible
Case #131: 
c****
*****
*****
Case #132: 
c..
...
***
Case #133: 
Impossible
Case #134: 
c..
...
...
...
***
Case #135: 
c....
.....
.....
....*
Case #136: 
c.***
..***
..***
Case #137: 
c
*
*
*
*
Case #138: 
c**
***
***
Case #139: 
c***
****
****
Case #140: 
c...*
....*
....*
....*
....*
Case #141: 
c....
*****
*****
Case #142: 
c....
.....
..***
Case #143: 
Impossible
Case #144: 
Impossible
Case #145: 
c...
....
....
....
Case #146: 
c..**
...**
Case #147: 
c***
.***
.***
.***
Case #148: 
c....
.....
*****
*****
Case #149: 
c***
****
****
****
Case #150: 
c.*
..*
Case #151: 
Impossible
Case #152: 
c...
....
....
....
...*
Case #153: 
c
Case #154: 
c**
***
Case #155: 
c****
.****
.****
.****
Case #156: 
c...*
Case #157: 
c.
..
..
..
..
Case #158: 
c***
****
****
****
****
Case #159: 
Impossible
Case #160: 
c****
.****
.****
.****
.****
Case #161: 
Impossible
Case #162: 
Impossible
Case #163: 
Impossible
Case #164: 
c..*
...*
...*
...*
...*
Case #165: 
c....
.....
.....
*****
Case #166: 
c.***
..***
Case #167: 
c...
....
....
...*
Case #168: 
c*
**
**
**
**
Case #169: 
c....
.....
.....
.....
.....
Case #170: 
c***
****
****
****
Case #171: 
c***
.***
.***
.***
.***
Case #172: 
Impossible
Case #173: 
Impossible
Case #174: 
c***
****
****
****
Case #175: 
c.**
Case #176: 
c....
.....
..***
*****
Case #177: 
c..
...
...
...
..*
Case #178: 
c****
*****
*****
*****
*****
Case #179: 
c..*
...*
...*
...*
Case #180: 
c*
.*
.*
.*
.*
Case #181: 
c
.
.
.
.
Case #182: 
c...*
....*
*****
*****
Case #183: 
Impossible
Case #184: 
c....
.....
Case #185: 
c.*
..*
..*
Case #186: 
c...
....
....
Case #187: 
Impossible
Case #188: 
c..
...
***
***
Case #189: 
Impossible
Case #190: 
c.**
..**
..**
Case #191: 
Impossible
Case #192: 
Impossible
Case #193: 
Impossible
Case #194: 
c....
.....
*****
*****
*****
Case #195: 
c....
.....
.....
...**
*****
Case #196: 
c.
..
..
**
**
Case #197: 
Impossible
Case #198: 
c....
.....
.....
Case #199: 
Impossible
Case #200: 
c*
.*
.*
.*
Case #201: 
c..*
...*
Case #202: 
c..
Case #203: 
Impossible
Case #204: 
c..
...
***
***
***
Case #205: 
c..
...
...
...
...
Case #206: 
Impossible
Case #207: 
Impossible
Case #208: 
c...
....
....
....
....
Case #209: 
c....
.....
.....
.....
...**
Case #210: 
Impossible
Case #211: 
c....
.....
.....
...**
Case #212: 
c.
..
..
..
..
Case #213: 
c....
...**
*****
Case #214: 
c..
...
...
...
...
Case #215: 
c
*
*
*
Case #216: 
Impossible
Case #217: 
Impossible
Case #218: 
c....
*****
Case #219: 
c.
..
..
..
Case #220: 
Impossible
Case #221: 
c...
....
....
....
....
Case #222: 
Impossible
Case #223: 
c****
*****
*****
*****
*****
Case #224: 
Impossible
Case #225: 
c....
.....
