Case #1: [[" ", " ", " ", " ", " "], [" ", " ", " ", " ", " "], [" ", " ", " ", " ", " "], [" ", " ", " ", " ", " "], [" ", " ", " ", " ", " "]]
Case #2: [[" ", " ", " ", " "]]
Case #3: [[" ", " ", " ", " "], [" ", " ", " ", " "], [" ", " ", " ", " "], [" ", " ", " ", " "]]
Case #4: [[" ", " ", " ", " ", " "], [" ", " ", " ", " ", " "], [" ", " ", " ", " ", " "], [" ", " ", " ", " ", " "]]
Case #5: [[" ", " "], [" ", " "], [" ", " "]]
Case #6: [[" ", " ", " ", " ", " "], [" ", " ", " ", " ", " "], [" ", " ", " ", " ", " "]]
Case #7: 
Impossible
Case #8: [[" ", " ", " ", " ", " "], [" ", " ", " ", " ", " "], [" ", " ", " ", " ", " "], [" ", " ", " ", " ", " "], [" ", " ", " ", " ", " "]]
Case #9: [[" ", " ", " "], [" ", " ", " "], [" ", " ", " "], [" ", " ", " "]]
Case #10: [[" ", " ", " ", " ", " "], [" ", " ", " ", " ", " "], [" ", " ", " ", " ", " "], [" ", " ", " ", " ", " "], [" ", " ", " ", " ", " "]]
Case #11: 
Impossible
Case #12: [[" ", " ", " "], [" ", " ", " "]]
Case #13: [[" ", " ", " ", " ", " "], [" ", " ", " ", " ", " "], [" ", " ", " ", " ", " "], [" ", " ", " ", " ", " "], [" ", " ", " ", " ", " "]]
Case #14: [[" ", " ", " ", " "], [" ", " ", " ", " "], [" ", " ", " ", " "], [" ", " ", " ", " "], [" ", " ", " ", " "]]
Case #15: [[" ", " ", " ", " "], [" ", " ", " ", " "], [" ", " ", " ", " "], [" ", " ", " ", " "], [" ", " ", " ", " "]]
Case #16: [[" ", " "], [" ", " "], [" ", " "]]
Case #17: [[" ", " ", " ", " "], [" ", " ", " ", " "], [" ", " ", " ", " "]]
Case #18: [[" ", " ", " ", " ", " "], [" ", " ", " ", " ", " "], [" ", " ", " ", " ", " "], [" ", " ", " ", " ", " "], [" ", " ", " ", " ", " "]]
Case #19: [[" "], [" "], [" "], [" "]]
Case #20: [[" ", " "], [" ", " "], [" ", " "], [" ", " "], [" ", " "]]
Case #21: [[" ", " ", " "], [" ", " ", " "], [" ", " ", " "]]
Case #22: [[" ", " ", " ", " ", " "]]
Case #23: [[" ", " ", " "], [" ", " ", " "], [" ", " ", " "], [" ", " ", " "], [" ", " ", " "]]
Case #24: [[" ", " ", " "], [" ", " ", " "], [" ", " ", " "], [" ", " ", " "]]
Case #25: [[" ", " "], [" ", " "], [" ", " "], [" ", " "], [" ", " "]]
Case #26: [[" ", " ", " ", " "], [" ", " ", " ", " "], [" ", " ", " ", " "], [" ", " ", " ", " "]]
Case #27: [[" ", " ", " ", " ", " "], [" ", " ", " ", " ", " "], [" ", " ", " ", " ", " "], [" ", " ", " ", " ", " "]]
Case #28: [[" ", " ", " ", " "]]
Case #29: [[" ", " ", " ", " ", " "], [" ", " ", " ", " ", " "], [" ", " ", " ", " ", " "], [" ", " ", " ", " ", " "], [" ", " ", " ", " ", " "]]
Case #30: [[" ", " ", " "], [" ", " ", " "], [" ", " ", " "]]
Case #31: 
Impossible
Case #32: [[" ", " ", " ", " ", " "], [" ", " ", " ", " ", " "], [" ", " ", " ", " ", " "], [" ", " ", " ", " ", " "], [" ", " ", " ", " ", " "]]
Case #33: [[" ", " ", " ", " ", " "], [" ", " ", " ", " ", " "], [" ", " ", " ", " ", " "], [" ", " ", " ", " ", " "], [" ", " ", " ", " ", " "]]
Case #34: [[" ", " ", " ", " ", " "], [" ", " ", " ", " ", " "], [" ", " ", " ", " ", " "], [" ", " ", " ", " ", " "]]
Case #35: [[" ", " ", " ", " ", " "], [" ", " ", " ", " ", " "], [" ", " ", " ", " ", " "], [" ", " ", " ", " ", " "], [" ", " ", " ", " ", " "]]
Case #36: [[" ", " ", " ", " "], [" ", " ", " ", " "], [" ", " ", " ", " "]]
Case #37: [[" "]]
Case #38: [[" ", " ", " ", " ", " "], [" ", " ", " ", " ", " "], [" ", " ", " ", " ", " "], [" ", " ", " ", " ", " "], [" ", " ", " ", " ", " "]]
Case #39: [[" ", " ", " ", " "], [" ", " ", " ", " "], [" ", " ", " ", " "], [" ", " ", " ", " "], [" ", " ", " ", " "]]
Case #40: [[" "], [" "], [" "], [" "], [" "]]
Case #41: [[" ", " ", " ", " ", " "], [" ", " ", " ", " ", " "], [" ", " ", " ", " ", " "], [" ", " ", " ", " ", " "]]
Case #42: 
Impossible
Case #43: [[" ", " ", " ", " "], [" ", " ", " ", " "], [" ", " ", " ", " "], [" ", " ", " ", " "], [" ", " ", " ", " "]]
Case #44: [[" ", " ", " "], [" ", " ", " "], [" ", " ", " "]]
Case #45: 
Impossible
Case #46: 
Impossible
Case #47: [[" ", " ", " ", " "], [" ", " ", " ", " "], [" ", " ", " ", " "]]
Case #48: [[" ", " "], [" ", " "], [" ", " "], [" ", " "]]
Case #49: [[" ", " ", " "]]
Case #50: [[" ", " ", " "], [" ", " ", " "], [" ", " ", " "], [" ", " ", " "], [" ", " ", " "]]
Case #51: 
Impossible
Case #52: [[" ", " ", " ", " ", " "], [" ", " ", " ", " ", " "]]
Case #53: [[" ", " ", " ", " "], [" ", " ", " ", " "], [" ", " ", " ", " "], [" ", " ", " ", " "]]
Case #54: [[" ", " ", " ", " "], [" ", " ", " ", " "], [" ", " ", " ", " "], [" ", " ", " ", " "], [" ", " ", " ", " "]]
Case #55: [[" ", " ", " ", " "], [" ", " ", " ", " "], [" ", " ", " ", " "], [" ", " ", " ", " "]]
Case #56: [[" ", " ", " "], [" ", " ", " "], [" ", " ", " "], [" ", " ", " "], [" ", " ", " "]]
Case #57: [[" "], [" "]]
Case #58: [[" ", " "], [" ", " "], [" ", " "], [" ", " "]]
Case #59: [[" ", " ", " ", " "], [" ", " ", " ", " "], [" ", " ", " ", " "]]
Case #60: [[" ", " ", " ", " ", " "], [" ", " ", " ", " ", " "], [" ", " ", " ", " ", " "], [" ", " ", " ", " ", " "], [" ", " ", " ", " ", " "]]
Case #61: [[" ", " ", " ", " "], [" ", " ", " ", " "], [" ", " ", " ", " "], [" ", " ", " ", " "], [" ", " ", " ", " "]]
Case #62: [[" ", " ", " "], [" ", " ", " "], [" ", " ", " "], [" ", " ", " "], [" ", " ", " "]]
Case #63: [[" ", " ", " ", " ", " "], [" ", " ", " ", " ", " "], [" ", " ", " ", " ", " "], [" ", " ", " ", " ", " "], [" ", " ", " ", " ", " "]]
Case #64: 
Impossible
Case #65: 
Impossible
Case #66: [[" ", " ", " ", " "], [" ", " ", " ", " "], [" ", " ", " ", " "], [" ", " ", " ", " "], [" ", " ", " ", " "]]
Case #67: [[" ", " ", " ", " "], [" ", " ", " ", " "], [" ", " ", " ", " "], [" ", " ", " ", " "], [" ", " ", " ", " "]]
Case #68: [[" ", " ", " ", " "], [" ", " ", " ", " "], [" ", " ", " ", " "]]
Case #69: [[" ", " ", " ", " ", " "], [" ", " ", " ", " ", " "]]
Case #70: [[" ", " ", " "], [" ", " ", " "], [" ", " ", " "], [" ", " ", " "], [" ", " ", " "]]
Case #71: [[" ", " ", " ", " "], [" ", " ", " ", " "], [" ", " ", " ", " "], [" ", " ", " ", " "], [" ", " ", " ", " "]]
Case #72: [[" "], [" "], [" "], [" "]]
Case #73: [[" ", " ", " "], [" ", " ", " "], [" ", " ", " "], [" ", " ", " "]]
Case #74: [[" "], [" "], [" "]]
Case #75: [[" ", " ", " "], [" ", " ", " "], [" ", " ", " "], [" ", " ", " "]]
Case #76: [[" ", " ", " "], [" ", " ", " "], [" ", " ", " "]]
Case #77: [[" ", " ", " ", " ", " "], [" ", " ", " ", " ", " "], [" ", " ", " ", " ", " "]]
Case #78: [[" ", " ", " ", " "], [" ", " ", " ", " "]]
Case #79: 
Impossible
Case #80: [[" ", " "], [" ", " "], [" ", " "], [" ", " "]]
Case #81: 
Impossible
Case #82: [[" ", " ", " "], [" ", " ", " "], [" ", " ", " "], [" ", " ", " "]]
Case #83: [[" ", " ", " ", " ", " "], [" ", " ", " ", " ", " "], [" ", " ", " ", " ", " "], [" ", " ", " ", " ", " "], [" ", " ", " ", " ", " "]]
Case #84: 
Impossible
Case #85: [[" ", " ", " "]]
Case #86: [[" ", " ", " ", " "], [" ", " ", " ", " "], [" ", " ", " ", " "], [" ", " ", " ", " "], [" ", " ", " ", " "]]
Case #87: [[" ", " ", " "], [" ", " ", " "], [" ", " ", " "], [" ", " ", " "], [" ", " ", " "]]
Case #88: [[" ", " ", " ", " ", " "], [" ", " ", " ", " ", " "], [" ", " ", " ", " ", " "], [" ", " ", " ", " ", " "]]
Case #89: [[" ", " ", " "], [" ", " ", " "], [" ", " ", " "], [" ", " ", " "], [" ", " ", " "]]
Case #90: [[" ", " "]]
Case #91: [[" ", " ", " ", " ", " "], [" ", " ", " ", " ", " "]]
Case #92: [[" ", " "], [" ", " "], [" ", " "], [" ", " "], [" ", " "]]
Case #93: [[" ", " "], [" ", " "], [" ", " "]]
Case #94: [[" ", " ", " ", " ", " "], [" ", " ", " ", " ", " "], [" ", " ", " ", " ", " "], [" ", " ", " ", " ", " "], [" ", " ", " ", " ", " "]]
Case #95: [[" ", " ", " "], [" ", " ", " "], [" ", " ", " "], [" ", " ", " "]]
Case #96: [[" ", " ", " "], [" ", " ", " "], [" ", " ", " "], [" ", " ", " "]]
Case #97: [[" ", " ", " ", " ", " "], [" ", " ", " ", " ", " "], [" ", " ", " ", " ", " "]]
Case #98: 
Impossible
Case #99: [[" ", " ", " ", " ", " "], [" ", " ", " ", " ", " "], [" ", " ", " ", " ", " "], [" ", " ", " ", " ", " "], [" ", " ", " ", " ", " "]]
Case #100: [[" ", " ", " "], [" ", " ", " "], [" ", " ", " "], [" ", " ", " "]]
Case #101: [[" "], [" "], [" "]]
Case #102: [[" ", " ", " "], [" ", " ", " "], [" ", " ", " "], [" ", " ", " "]]
Case #103: [[" ", " ", " ", " "], [" ", " ", " ", " "]]
Case #104: [[" ", " ", " "], [" ", " ", " "], [" ", " ", " "]]
Case #105: [[" "], [" "], [" "], [" "], [" "]]
Case #106: 
Impossible
Case #107: [[" ", " ", " ", " ", " "], [" ", " ", " ", " ", " "], [" ", " ", " ", " ", " "]]
Case #108: [[" ", " ", " ", " ", " "], [" ", " ", " ", " ", " "], [" ", " ", " ", " ", " "], [" ", " ", " ", " ", " "]]
Case #109: [[" ", " ", " ", " ", " "], [" ", " ", " ", " ", " "], [" ", " ", " ", " ", " "]]
Case #110: [[" ", " ", " ", " "], [" ", " ", " ", " "]]
Case #111: [[" ", " ", " ", " ", " "]]
Case #112: [[" ", " ", " ", " ", " "], [" ", " ", " ", " ", " "], [" ", " ", " ", " ", " "], [" ", " ", " ", " ", " "], [" ", " ", " ", " ", " "]]
Case #113: 
Impossible
Case #114: [[" "], [" "], [" "], [" "]]
Case #115: [[" "], [" "]]
Case #116: [[" ", " ", " ", " "], [" ", " ", " ", " "], [" ", " ", " ", " "], [" ", " ", " ", " "], [" ", " ", " ", " "]]
Case #117: 
Impossible
Case #118: [[" ", " ", " ", " ", " "], [" ", " ", " ", " ", " "], [" ", " ", " ", " ", " "], [" ", " ", " ", " ", " "], [" ", " ", " ", " ", " "]]
Case #119: [[" ", " ", " "], [" ", " ", " "], [" ", " ", " "], [" ", " ", " "], [" ", " ", " "]]
Case #120: [[" ", " ", " ", " "], [" ", " ", " ", " "]]
Case #121: [[" ", " ", " ", " "], [" ", " ", " ", " "], [" ", " ", " ", " "], [" ", " ", " ", " "]]
Case #122: 
Impossible
Case #123: [[" ", " ", " ", " ", " "], [" ", " ", " ", " ", " "], [" ", " ", " ", " ", " "]]
Case #124: 
Impossible
Case #125: 
Impossible
Case #126: [[" ", " "]]
Case #127: [[" ", " ", " ", " ", " "], [" ", " ", " ", " ", " "], [" ", " ", " ", " ", " "], [" ", " ", " ", " ", " "]]
Case #128: [[" "], [" "], [" "], [" "], [" "]]
Case #129: [[" ", " ", " "], [" ", " ", " "], [" ", " ", " "], [" ", " ", " "], [" ", " ", " "]]
Case #130: [[" ", " ", " ", " "], [" ", " ", " ", " "], [" ", " ", " ", " "], [" ", " ", " ", " "], [" ", " ", " ", " "]]
Case #131: [[" ", " ", " ", " "], [" ", " ", " ", " "], [" ", " ", " ", " "], [" ", " ", " ", " "], [" ", " ", " ", " "]]
Case #132: [[" ", " ", " "], [" ", " ", " "]]
Case #133: [[" ", " ", " "], [" ", " ", " "], [" ", " ", " "]]
Case #134: [[" ", " ", " ", " ", " "], [" ", " ", " ", " ", " "], [" ", " ", " ", " ", " "]]
Case #135: [[" ", " "], [" ", " "]]
Case #136: [[" ", " "], [" ", " "], [" ", " "], [" ", " "], [" ", " "]]
Case #137: [[" ", " ", " "], [" ", " ", " "], [" ", " ", " "], [" ", " ", " "], [" ", " ", " "]]
Case #138: [[" ", " ", " "], [" ", " ", " "], [" ", " ", " "], [" ", " ", " "], [" ", " ", " "]]
Case #139: [[" ", " ", " ", " "], [" ", " ", " ", " "], [" ", " ", " ", " "], [" ", " ", " ", " "], [" ", " ", " ", " "]]
Case #140: [[" ", " "], [" ", " "], [" ", " "], [" ", " "], [" ", " "]]
Case #141: [[" ", " ", " ", " "]]
Case #142: [[" ", " ", " ", " "], [" ", " ", " ", " "], [" ", " ", " ", " "]]
Case #143: [[" ", " "], [" ", " "]]
Case #144: [[" ", " ", " "], [" ", " ", " "], [" ", " ", " "], [" ", " ", " "]]
Case #145: 
Impossible
Case #146: [[" ", " ", " ", " ", " "], [" ", " ", " ", " ", " "], [" ", " ", " ", " ", " "]]
Case #147: [[" ", " ", " ", " ", " "], [" ", " ", " ", " ", " "], [" ", " ", " ", " ", " "], [" ", " ", " ", " ", " "]]
Case #148: [[" ", " ", " ", " ", " "], [" ", " ", " ", " ", " "], [" ", " ", " ", " ", " "]]
Case #149: [[" ", " ", " ", " "], [" ", " ", " ", " "], [" ", " ", " ", " "], [" ", " ", " ", " "]]
Case #150: [[" ", " ", " ", " ", " "], [" ", " ", " ", " ", " "], [" ", " ", " ", " ", " "]]
Case #151: [[" ", " ", " ", " "], [" ", " ", " ", " "], [" ", " ", " ", " "], [" ", " ", " ", " "]]
Case #152: [[" ", " ", " ", " "], [" ", " ", " ", " "], [" ", " ", " ", " "], [" ", " ", " ", " "]]
Case #153: [[" ", " ", " ", " "]]
Case #154: 
Impossible
Case #155: [[" ", " ", " ", " ", " "], [" ", " ", " ", " ", " "]]
Case #156: [[" ", " ", " ", " ", " "], [" ", " ", " ", " ", " "], [" ", " ", " ", " ", " "]]
Case #157: [[" ", " ", " ", " ", " "], [" ", " ", " ", " ", " "], [" ", " ", " ", " ", " "], [" ", " ", " ", " ", " "], [" ", " ", " ", " ", " "]]
Case #158: [[" ", " ", " "]]
Case #159: [[" ", " ", " ", " "], [" ", " ", " ", " "], [" ", " ", " ", " "], [" ", " ", " ", " "], [" ", " ", " ", " "]]
Case #160: [[" ", " ", " ", " ", " "], [" ", " ", " ", " ", " "], [" ", " ", " ", " ", " "], [" ", " ", " ", " ", " "]]
Case #161: [[" ", " ", " ", " ", " "], [" ", " ", " ", " ", " "], [" ", " ", " ", " ", " "], [" ", " ", " ", " ", " "]]
Case #162: [[" ", " ", " "], [" ", " ", " "]]
Case #163: [[" ", " ", " ", " ", " "], [" ", " ", " ", " ", " "], [" ", " ", " ", " ", " "], [" ", " ", " ", " ", " "]]
Case #164: 
Impossible
Case #165: [[" ", " ", " ", " ", " "], [" ", " ", " ", " ", " "], [" ", " ", " ", " ", " "], [" ", " ", " ", " ", " "]]
Case #166: [[" ", " "], [" ", " "], [" ", " "], [" ", " "]]
Case #167: [[" ", " ", " ", " ", " "], [" ", " ", " ", " ", " "], [" ", " ", " ", " ", " "], [" ", " ", " ", " ", " "], [" ", " ", " ", " ", " "]]
Case #168: [[" ", " ", " ", " "], [" ", " ", " ", " "], [" ", " ", " ", " "], [" ", " ", " ", " "], [" ", " ", " ", " "]]
Case #169: [[" ", " ", " ", " ", " "], [" ", " ", " ", " ", " "], [" ", " ", " ", " ", " "], [" ", " ", " ", " ", " "], [" ", " ", " ", " ", " "]]
Case #170: 
Impossible
Case #171: [[" ", " ", " ", " ", " "], [" ", " ", " ", " ", " "], [" ", " ", " ", " ", " "]]
Case #172: [[" ", " ", " ", " ", " "]]
Case #173: [[" ", " ", " ", " "], [" ", " ", " ", " "], [" ", " ", " ", " "]]
Case #174: [[" ", " ", " "], [" ", " ", " "], [" ", " ", " "], [" ", " ", " "], [" ", " ", " "]]
Case #175: [[" "], [" "], [" "], [" "], [" "]]
Case #176: [[" "], [" "], [" "], [" "]]
Case #177: [[" ", " ", " ", " ", " "], [" ", " ", " ", " ", " "], [" ", " ", " ", " ", " "], [" ", " ", " ", " ", " "], [" ", " ", " ", " ", " "]]
Case #178: [[" ", " ", " ", " "], [" ", " ", " ", " "], [" ", " ", " ", " "], [" ", " ", " ", " "]]
Case #179: [[" ", " ", " "], [" ", " ", " "], [" ", " ", " "], [" ", " ", " "], [" ", " ", " "]]
Case #180: [[" ", " "], [" ", " "], [" ", " "], [" ", " "]]
Case #181: 
Impossible
Case #182: [[" ", " ", " ", " "], [" ", " ", " ", " "], [" ", " ", " ", " "], [" ", " ", " ", " "]]
Case #183: [[" ", " ", " ", " ", " "], [" ", " ", " ", " ", " "], [" ", " ", " ", " ", " "], [" ", " ", " ", " ", " "]]
Case #184: 
Impossible
Case #185: 
Impossible
Case #186: [[" ", " ", " ", " "], [" ", " ", " ", " "], [" ", " ", " ", " "], [" ", " ", " ", " "]]
Case #187: [[" ", " ", " ", " "], [" ", " ", " ", " "], [" ", " ", " ", " "], [" ", " ", " ", " "]]
Case #188: [[" ", " ", " ", " ", " "], [" ", " ", " ", " ", " "]]
Case #189: 
Impossible
Case #190: [[" ", " ", " ", " "], [" ", " ", " ", " "], [" ", " ", " ", " "], [" ", " ", " ", " "]]
Case #191: [[" ", " ", " ", " ", " "], [" ", " ", " ", " ", " "], [" ", " ", " ", " ", " "], [" ", " ", " ", " ", " "]]
Case #192: [[" ", " ", " "], [" ", " ", " "], [" ", " ", " "]]
Case #193: [[" ", " ", " ", " ", " "], [" ", " ", " ", " ", " "]]
Case #194: [[" ", " ", " ", " "], [" ", " ", " ", " "], [" ", " ", " ", " "]]
Case #195: 
Impossible
Case #196: [[" ", " ", " ", " ", " "], [" ", " ", " ", " ", " "]]
Case #197: [[" ", " ", " ", " ", " "], [" ", " ", " ", " ", " "], [" ", " ", " ", " ", " "]]
Case #198: [[" ", " ", " ", " ", " "]]
Case #199: 
Impossible
Case #200: [[" ", " ", " ", " ", " "], [" ", " ", " ", " ", " "], [" ", " ", " ", " ", " "], [" ", " ", " ", " ", " "]]
Case #201: 
Impossible
Case #202: [[" ", " ", " ", " ", " "]]
Case #203: 
Impossible
Case #204: [[" ", " ", " ", " "], [" ", " ", " ", " "], [" ", " ", " ", " "]]
Case #205: [[" ", " "], [" ", " "], [" ", " "], [" ", " "], [" ", " "]]
Case #206: [[" ", " ", " ", " "], [" ", " ", " ", " "]]
Case #207: [[" ", " ", " ", " ", " "], [" ", " ", " ", " ", " "], [" ", " ", " ", " ", " "], [" ", " ", " ", " ", " "]]
Case #208: [[" ", " ", " ", " ", " "], [" ", " ", " ", " ", " "]]
Case #209: [[" ", " ", " ", " "], [" ", " ", " ", " "], [" ", " ", " ", " "], [" ", " ", " ", " "]]
Case #210: [[" ", " ", " ", " "], [" ", " ", " ", " "]]
Case #211: [[" ", " ", " ", " "], [" ", " ", " ", " "], [" ", " ", " ", " "], [" ", " ", " ", " "], [" ", " ", " ", " "]]
Case #212: [[" ", " ", " ", " ", " "], [" ", " ", " ", " ", " "], [" ", " ", " ", " ", " "], [" ", " ", " ", " ", " "], [" ", " ", " ", " ", " "]]
Case #213: [[" "], [" "], [" "]]
Case #214: 
Impossible
Case #215: 
Impossible
Case #216: [[" ", " "], [" ", " "], [" ", " "], [" ", " "], [" ", " "]]
Case #217: [[" ", " ", " ", " "], [" ", " ", " ", " "], [" ", " ", " ", " "], [" ", " ", " ", " "], [" ", " ", " ", " "]]
Case #218: [[" ", " "], [" ", " "], [" ", " "], [" ", " "]]
Case #219: [[" ", " ", " ", " ", " "], [" ", " ", " ", " ", " "], [" ", " ", " ", " ", " "], [" ", " ", " ", " ", " "]]
Case #220: [[" "], [" "], [" "], [" "], [" "]]
Case #221: [[" ", " ", " ", " ", " "], [" ", " ", " ", " ", " "], [" ", " ", " ", " ", " "], [" ", " ", " ", " ", " "]]
Case #222: 
Impossible
Case #223: [[" ", " ", " ", " ", " "], [" ", " ", " ", " ", " "], [" ", " ", " ", " ", " "], [" ", " ", " ", " ", " "], [" ", " ", " ", " ", " "]]
Case #224: [[" ", " "], [" ", " "], [" ", " "], [" ", " "], [" ", " "]]
Case #225: [[" ", " ", " ", " "], [" ", " ", " ", " "], [" ", " ", " ", " "]]
