Case #1: 
Impossible
Case #2: 
c..
...
...
...
***
Case #3: 
c
*
Case #4: 
Impossible
Case #5: 
c.***
..***
..***
..***
..***
Case #6: 
c....
.....
.....
.....
...**
Case #7: 
c....
.....
.....
...**
Case #8: 
Impossible
Case #9: 
c**
***
***
***
Case #10: 
Impossible
Case #11: 
Impossible
Case #12: 
Impossible
Case #13: 
c.**
..**
..**
Case #14: 
c....
.....
.....
.....
.....
Case #15: 
c..**
...**
*****
Case #16: 
c...*
....*
....*
....*
....*
Case #17: 
Impossible
Case #18: 
Impossible
Case #19: 
c****
*****
*****
*****
*****
Case #20: 
Impossible
Case #21: 
Impossible
Case #22: 
Impossible
Case #23: 
Impossible
Case #24: 
Impossible
Case #25: 
Impossible
Case #26: 
Impossible
Case #27: 
Impossible
Case #28: 
c..**
...**
...**
...**
Case #29: 
Impossible
Case #30: 
c*
**
**
**
Case #31: 
c*
.*
.*
.*
.*
Case #32: 
c..
..*
***
***
***
Case #33: 
c...
Case #34: 
c***
****
****
****
Case #35: 
Impossible
Case #36: 
c
*
*
*
*
Case #37: 
c..
...
...
..*
Case #38: 
Impossible
Case #39: 
Impossible
Case #40: 
c
.
Case #41: 
c...
....
....
Case #42: 
c...
....
Case #43: 
c...
....
****
****
Case #44: 
c**
Case #45: 
c...
....
....
....
....
Case #46: 
Impossible
Case #47: 
c....
.....
Case #48: 
c....
.....
.....
*****
Case #49: 
Impossible
Case #50: 
Impossible
Case #51: 
Impossible
Case #52: 
Impossible
Case #53: 
c....
*****
*****
Case #54: 
Impossible
Case #55: 
c****
Case #56: 
c....
.....
..***
Case #57: 
c.**
..**
..**
..**
..**
Case #58: 
Impossible
Case #59: 
c****
*****
*****
*****
*****
Case #60: 
Impossible
Case #61: 
c*
**
**
**
Case #62: 
c*
**
Case #63: 
c
*
*
*
Case #64: 
Impossible
Case #65: 
c...
....
....
....
....
Case #66: 
Impossible
Case #67: 
Impossible
Case #68: 
Impossible
Case #69: 
c.
..
..
..
..
Case #70: 
c**
***
***
Case #71: 
c..**
...**
...**
...**
...**
Case #72: 
c...
....
....
****
****
Case #73: 
Impossible
Case #74: 
Impossible
Case #75: 
c.***
Case #76: 
Impossible
Case #77: 
Impossible
Case #78: 
c
.
.
.
Case #79: 
c..
...
Case #80: 
c.***
..***
..***
..***
Case #81: 
c....
.....
.....
.....
Case #82: 
Impossible
Case #83: 
c****
*****
Case #84: 
c..
...
...
Case #85: 
c.**
..**
Case #86: 
c..
...
...
***
Case #87: 
c****
*****
*****
*****
*****
Case #88: 
Impossible
Case #89: 
c.
..
Case #90: 
c***
****
Case #91: 
c....
.....
..***
*****
Case #92: 
c...*
....*
Case #93: 
c**
.**
.**
.**
Case #94: 
c***
.***
.***
.***
Case #95: 
c*
**
**
Case #96: 
c**
***
***
***
***
Case #97: 
Impossible
Case #98: 
Impossible
Case #99: 
c**
***
***
Case #100: 
c***
****
****
****
****
Case #101: 
c...
....
..**
****
****
Case #102: 
Impossible
Case #103: 
c..
...
***
Case #104: 
Impossible
Case #105: 
c..*
Case #106: 
c....
...**
*****
Case #107: 
Impossible
Case #108: 
c..
...
...
...
...
Case #109: 
c.*
..*
..*
Case #110: 
c...
....
....
...*
Case #111: 
c..*
...*
...*
Case #112: 
c....
Case #113: 
Impossible
Case #114: 
Impossible
Case #115: 
c....
.....
.....
.....
.....
Case #116: 
c....
.....
*****
*****
*****
Case #117: 
c....
*****
Case #118: 
c.**
..**
..**
..**
Case #119: 
Impossible
Case #120: 
c....
.....
.....
Case #121: 
c...*
....*
....*
Case #122: 
c.
Case #123: 
c...
....
....
....
Case #124: 
c...
....
Case #125: 
c
Case #126: 
Impossible
Case #127: 
c***
****
Case #128: 
c***
****
****
****
Case #129: 
c..*
...*
...*
...*
...*
Case #130: 
c..**
...**
...**
Case #131: 
Impossible
Case #132: 
c..
...
...
...
...
Case #133: 
c**
.**
.**
.**
.**
Case #134: 
c*
**
**
**
**
Case #135: 
Impossible
Case #136: 
c...
....
....
....
****
Case #137: 
Impossible
Case #138: 
c...*
....*
....*
....*
Case #139: 
Impossible
Case #140: 
c....
.....
.....
.....
*****
Case #141: 
c...*
....*
*****
*****
Case #142: 
c***
****
****
Case #143: 
c.
..
..
Case #144: 
c..**
Case #145: 
Impossible
Case #146: 
c*
.*
.*
.*
Case #147: 
c....
.....
.....
...**
*****
Case #148: 
Impossible
Case #149: 
c*
Case #150: 
Impossible
Case #151: 
Impossible
Case #152: 
c**
***
Case #153: 
c...
....
****
Case #154: 
Impossible
Case #155: 
c...
....
....
....
..**
Case #156: 
c..
...
***
***
***
Case #157: 
c....
.....
*****
Case #158: 
c
.
.
.
.
Case #159: 
c....
.....
.....
....*
Case #160: 
c.
..
..
..
..
Case #161: 
c****
.****
.****
.****
.****
Case #162: 
Impossible
Case #163: 
c..
...
...
...
Case #164: 
c..
...
***
***
Case #165: 
Impossible
Case #166: 
Impossible
Case #167: 
c...*
Case #168: 
Impossible
Case #169: 
c....
.....
.....
....*
*****
Case #170: 
c
*
*
Case #171: 
c...
****
****
Case #172: 
c...
....
....
....
Case #173: 
c..
Case #174: 
Impossible
Case #175: 
c.***
..***
Case #176: 
c...
....
....
..**
****
Case #177: 
Impossible
Case #178: 
Impossible
Case #179: 
c..*
...*
Case #180: 
Impossible
Case #181: 
c....
...**
Case #182: 
c.
..
..
..
Case #183: 
c....
.....
Case #184: 
c....
.....
.....
.....
....*
Case #185: 
c.
..
**
Case #186: 
c...
....
....
....
...*
Case #187: 
c.**
Case #188: 
c....
*****
*****
*****
Case #189: 
Impossible
Case #190: 
c
.
.
Case #191: 
c***
****
****
****
Case #192: 
c.
..
..
**
**
Case #193: 
c..*
...*
****
Case #194: 
c****
*****
*****
*****
*****
Case #195: 
Impossible
Case #196: 
c..
...
...
...
..*
Case #197: 
c.*
..*
Case #198: 
Impossible
Case #199: 
c.*
..*
..*
..*
Case #200: 
c**
***
***
Case #201: 
Impossible
Case #202: 
c....
.....
.....
.....
Case #203: 
c****
.****
.****
.****
Case #204: 
c....
.....
*****
*****
Case #205: 
c.*
Case #206: 
c****
*****
*****
Case #207: 
Impossible
Case #208: 
c..*
...*
...*
...*
Case #209: 
c.*
..*
..*
..*
..*
Case #210: 
Impossible
Case #211: 
Impossible
Case #212: 
Impossible
Case #213: 
c.***
..***
..***
Case #214: 
c..
...
...
...
Case #215: 
c..**
...**
Case #216: 
c...
....
....
...*
****
Case #217: 
c..
...
..*
***
Case #218: 
c.
..
..
..
Case #219: 
Impossible
Case #220: 
c****
*****
*****
*****
Case #221: 
c***
****
****
****
Case #222: 
c***
.***
.***
.***
.***
Case #223: 
c***
Case #224: 
c****
*****
*****
*****
*****
Case #225: 
Impossible
