Case #1: 138 844
Case #2: 21 197
Case #3: 82 866
Case #4: 19 295
Case #5: 181 731
Case #6: 77 477
Case #7: 163 658
Case #8: 181 730
Case #9: 156 630
Case #10: 59 917
Case #11: 382 765
Case #12: 155 311
Case #13: 282 565
Case #14: 321 643
Case #15: 137 275
Case #16: 1 1000
Case #17: 214 862
Case #18: 214 861
Case #19: 214 863
Case #20: 214 917
Case #21: 235 471
Case #22: 235 557
Case #23: 217 435
Case #24: 217 521
Case #25: 175 351
Case #26: 175 632
Case #27: 20 845
Case #28: 20 844
Case #29: 20 846
Case #30: 20 909
Case #31: 422 845
Case #32: 422 882
Case #33: 168 678
Case #34: 168 677
Case #35: 168 679
Case #36: 168 766
Case #37: 406 813
Case #38: 406 959
Case #39: 390 781
Case #40: 390 980
Case #41: 196 393
Case #42: 196 744
Case #43: 261 523
Case #44: 261 637
Case #45: 124 502
Case #46: 124 501
Case #47: 124 503
Case #48: 124 737
Case #49: 273 547
Case #50: 273 978
Case #51: 195 786
Case #52: 195 785
Case #53: 195 787
Case #54: 195 910
Case #55: 373 747
Case #56: 373 980
Case #57: 378 757
Case #58: 378 886
Case #59: 48 198
Case #60: 48 197
Case #61: 48 199
Case #62: 48 264
Case #63: 18 343
Case #64: 18 342
Case #65: 18 344
Case #66: 18 350
Case #67: 222 445
Case #68: 222 880
Case #69: 137 275
Case #70: 137 282
Case #71: 134 269
Case #72: 134 502
Case #73: 324 649
Case #74: 324 775
Case #75: 140 281
Case #76: 140 401
Case #77: 179 722
Case #78: 179 721
Case #79: 179 723
Case #80: 179 932
Case #81: 103 633
Case #82: 103 632
Case #83: 103 634
Case #84: 103 650
Case #85: 107 657
Case #86: 107 656
Case #87: 107 658
Case #88: 107 684
Case #89: 365 731
Case #90: 365 988
Case #91: 288 577
Case #92: 288 848
Case #93: 168 337
Case #94: 168 608
Case #95: 346 693
Case #96: 346 728
Case #97: 84 700
Case #98: 84 699
Case #99: 84 701
Case #100: 84 750
Case #101: 215 431
Case #102: 215 702
Case #103: 231 463
Case #104: 231 603
Case #105: 96 193
Case #106: 96 305
Case #107: 51 210
Case #108: 51 209
Case #109: 51 211
Case #110: 51 294
Case #111: 188 377
Case #112: 188 492
Case #113: 148 297
Case #114: 148 471
Case #115: 241 483
Case #116: 241 866
Case #117: 31 438
Case #118: 31 437
Case #119: 31 439
Case #120: 31 442
Case #121: 256 513
Case #122: 256 641
Case #123: 283 567
Case #124: 283 973
Case #125: 134 269
Case #126: 134 444
Case #127: 323 647
Case #128: 323 929
Case #129: 161 650
Case #130: 161 649
Case #131: 161 651
Case #132: 161 848
Case #133: 216 433
Case #134: 216 757
Case #135: 34 664
Case #136: 34 663
Case #137: 34 665
Case #138: 34 756
Case #139: 252 505
Case #140: 252 1000
Case #141: 210 421
Case #142: 210 478
Case #143: 278 557
Case #144: 278 777
Case #145: 115 466
Case #146: 115 465
Case #147: 115 467
Case #148: 115 575
Case #149: 153 307
Case #150: 153 421
Case #151: 92 374
Case #152: 92 373
Case #153: 92 375
Case #154: 92 508
Case #155: 40 651
Case #156: 40 650
Case #157: 40 652
Case #158: 40 727
Case #159: 155 626
Case #160: 155 625
Case #161: 155 627
Case #162: 155 656
Case #163: 205 411
Case #164: 205 666
Case #165: 156 630
Case #166: 156 629
Case #167: 156 631
Case #168: 156 678
Case #169: 228 457
Case #170: 228 580
Case #171: 95 788
Case #172: 95 787
Case #173: 95 789
Case #174: 95 958
Case #175: 100 828
Case #176: 100 827
Case #177: 100 829
Case #178: 100 863
Case #179: 116 470
Case #180: 116 469
Case #181: 116 471
Case #182: 116 663
Case #183: 115 231
Case #184: 115 244
Case #185: 155 626
Case #186: 155 625
Case #187: 155 627
Case #188: 155 929
Case #189: 69 282
Case #190: 69 281
Case #191: 69 283
Case #192: 69 295
Case #193: 211 850
Case #194: 211 849
Case #195: 211 851
Case #196: 211 944
Case #197: 11 116
Case #198: 11 115
Case #199: 11 117
Case #200: 11 134
Case #201: 185 746
Case #202: 185 745
Case #203: 185 747
Case #204: 185 767
Case #205: 330 661
Case #206: 330 842
Case #207: 100 406
Case #208: 100 405
Case #209: 100 407
Case #210: 100 591
Case #211: 117 717
Case #212: 117 716
Case #213: 117 718
Case #214: 117 785
Case #215: 73 775
Case #216: 73 774
Case #217: 73 776
Case #218: 73 825
Case #219: 219 882
Case #220: 219 881
Case #221: 219 883
Case #222: 219 953
Case #223: 204 409
Case #224: 204 748
Case #225: 14 689
Case #226: 14 688
Case #227: 14 690
Case #228: 14 710
Case #229: 32 450
Case #230: 32 449
Case #231: 32 451
Case #232: 32 467
Case #233: 1 528
Case #234: 1 527
Case #235: 1 529
Case #236: 1 551
Case #237: 32 134
Case #238: 32 133
Case #239: 32 135
Case #240: 32 195
Case #241: 67 274
Case #242: 67 273
Case #243: 67 275
Case #244: 67 348
Case #245: 18 477
Case #246: 18 476
Case #247: 18 478
Case #248: 18 510
Case #249: 192 774
Case #250: 192 773
Case #251: 192 775
Case #252: 192 954
Case #253: 88 177
Case #254: 88 180
Case #255: 319 639
Case #256: 319 756
Case #257: 22 549
Case #258: 22 548
Case #259: 22 550
Case #260: 22 551
Case #261: 110 221
Case #262: 110 425
Case #263: 7 34
Case #264: 7 33
Case #265: 7 35
Case #266: 7 54
Case #267: 39 162
Case #268: 39 161
Case #269: 39 163
Case #270: 39 178
Case #271: 134 269
Case #272: 134 291
Case #273: 13 742
Case #274: 13 741
Case #275: 13 743
Case #276: 13 817
Case #277: 60 121
Case #278: 60 198
Case #279: 92 567
Case #280: 92 566
Case #281: 92 568
Case #282: 92 762
Case #283: 152 614
Case #284: 152 613
Case #285: 152 615
Case #286: 152 726
Case #287: 139 279
Case #288: 139 490
Case #289: 289 579
Case #290: 289 997
Case #291: 62 387
Case #292: 62 386
Case #293: 62 388
Case #294: 62 458
Case #295: 334 669
Case #296: 334 842
Case #297: 156 951
Case #298: 156 950
Case #299: 156 952
Case #300: 156 976
Case #301: 374 749
Case #302: 374 974
Case #303: 217 435
Case #304: 217 798
Case #305: 163 658
Case #306: 163 657
Case #307: 163 659
Case #308: 163 712
Case #309: 69 735
Case #310: 69 734
Case #311: 69 736
Case #312: 69 826
Case #313: 205 826
Case #314: 205 825
Case #315: 205 827
Case #316: 205 995
Case #317: 279 928
Case #318: 13 824
Case #319: 13 826
Case #320: 13 898
Case #321: 393 820
Case #322: 80 494
Case #323: 80 496
Case #324: 80 622
Case #325: 192 682
Case #326: 258 542
Case #327: 268 976
Case #328: 19 356
Case #329: 19 358
Case #330: 19 414
Case #331: 142 501
Case #332: 24 101
Case #333: 24 103
Case #334: 24 116
Case #335: 27 113
Case #336: 27 115
Case #337: 27 123
Case #338: 40 650
Case #339: 40 652
Case #340: 40 755
Case #341: 196 680
Case #342: 3 461
Case #343: 3 463
Case #344: 3 499
Case #345: 182 733
Case #346: 182 735
Case #347: 182 871
Case #348: 57 614
Case #349: 57 616
Case #350: 57 652
Case #351: 212 529
Case #352: 178 675
Case #353: 85 707
Case #354: 85 709
Case #355: 85 762
Case #356: 104 859
Case #357: 104 861
Case #358: 104 959
Case #359: 146 589
Case #360: 146 591
Case #361: 146 628
Case #362: 3 816
Case #363: 3 818
Case #364: 3 876
Case #365: 69 241
Case #366: 154 621
Case #367: 154 623
Case #368: 154 631
Case #369: 198 447
Case #370: 176 406
Case #371: 294 689
Case #372: 26 535
Case #373: 26 537
Case #374: 26 554
Case #375: 45 185
Case #376: 45 187
Case #377: 45 191
Case #378: 60 161
Case #379: 135 276
Case #380: 284 850
Case #381: 316 866
Case #382: 305 692
Case #383: 211 768
Case #384: 213 692
Case #385: 304 785
Case #386: 358 755
Case #387: 438 979
Case #388: 105 425
Case #389: 105 427
Case #390: 105 631
Case #391: 126 315
Case #392: 317 731
Case #393: 119 728
Case #394: 119 730
Case #395: 119 919
Case #396: 250 519
Case #397: 260 866
Case #398: 66 704
Case #399: 66 706
Case #400: 66 806
Case #401: 219 881
Case #402: 219 883
Case #403: 219 899
Case #404: 197 793
Case #405: 197 795
Case #406: 197 837
Case #407: 64 684
Case #408: 64 686
Case #409: 64 796
Case #410: 449 979
Case #411: 94 779
Case #412: 94 781
Case #413: 94 961
Case #414: 101 835
Case #415: 101 837
Case #416: 101 930
Case #417: 71 754
Case #418: 71 756
Case #419: 71 803
Case #420: 9 491
Case #421: 9 493
Case #422: 9 494
Case #423: 196 588
Case #424: 109 668
Case #425: 109 670
Case #426: 109 770
Case #427: 11 539
Case #428: 11 541
Case #429: 11 608
Case #430: 85 524
Case #431: 85 526
Case #432: 85 532
Case #433: 40 872
Case #434: 40 874
Case #435: 40 976
Case #436: 107 656
Case #437: 107 658
Case #438: 107 847
Case #439: 265 571
Case #440: 14 98
Case #441: 14 100
Case #442: 14 109
Case #443: 46 166
Case #444: 122 385
Case #445: 21 317
Case #446: 21 319
Case #447: 21 338
Case #448: 90 747
Case #449: 90 749
Case #450: 90 781
Case #451: 98 811
Case #452: 98 813
Case #453: 98 935
Case #454: 4 113
Case #455: 4 115
Case #456: 4 125
Case #457: 167 479
Case #458: 69 734
Case #459: 69 736
Case #460: 69 846
Case #461: 320 953
Case #462: 186 404
Case #463: 16 375
Case #464: 16 377
Case #465: 16 438
Case #466: 70 744
Case #467: 70 746
Case #468: 70 879
Case #469: 4 269
Case #470: 4 271
Case #471: 4 306
Case #472: 193 445
Case #473: 131 475
Case #474: 216 543
Case #475: 289 589
Case #476: 312 625
Case #477: 205 787
Case #478: 200 507
Case #479: 194 664
Case #480: 346 851
Case #481: 181 720
Case #482: 88 731
Case #483: 88 733
Case #484: 88 913
Case #485: 337 699
Case #486: 85 707
Case #487: 85 709
Case #488: 85 816
Case #489: 134 285
Case #490: 357 876
Case #491: 104 265
Case #492: 223 465
Case #493: 33 746
Case #494: 33 748
Case #495: 33 769
Case #496: 387 784
Case #497: 155 625
Case #498: 155 627
Case #499: 155 896
Case #500: 101 409
Case #501: 101 411
Case #502: 101 537
Case #503: 430 867
Case #504: 153 617
Case #505: 153 619
Case #506: 153 726
Case #507: 324 701
Case #508: 4 269
Case #509: 4 271
Case #510: 4 283
Case #511: 255 797
Case #512: 414 942
Case #513: 122 493
Case #514: 122 495
Case #515: 122 556
Case #516: 82 329
Case #517: 205 437
Case #518: 213 743
Case #519: 367 840
Case #520: 363 859
Case #521: 3 737
Case #522: 3 739
Case #523: 3 752
Case #524: 91 755
Case #525: 91 757
Case #526: 91 799
Case #527: 332 764
Case #528: 195 889
Case #529: 407 987
Case #530: 378 845
Case #531: 166 847
Case #532: 187 855
Case #533: 116 731
Case #534: 441 991
Case #535: 160 440
Case #536: 14 53
Case #537: 229 535
Case #538: 352 971
Case #539: 221 665
Case #540: 128 571
Case #541: 25 698
Case #542: 17 186
Case #543: 353 767
Case #544: 220 918
Case #545: 136 680
Case #546: 296 978
Case #547: 186 628
Case #548: 209 930
Case #549: 13 543
Case #550: 189 531
Case #551: 298 729
Case #552: 268 769
Case #553: 253 735
Case #554: 210 945
Case #555: 34 977
Case #556: 55 820
Case #557: 266 610
Case #558: 26 889
Case #559: 93 945
Case #560: 247 804
Case #561: 56 587
Case #562: 178 564
Case #563: 49 372
Case #564: 127 508
Case #565: 216 646
Case #566: 192 393
Case #567: 149 349
Case #568: 20 741
Case #569: 9 968
Case #570: 15 681
Case #571: 73 915
Case #572: 11 916
Case #573: 103 319
Case #574: 114 838
Case #575: 63 460
Case #576: 174 408
Case #577: 199 903
Case #578: 385 828
Case #579: 257 893
Case #580: 272 839
Case #581: 55 636
Case #582: 246 816
Case #583: 147 649
Case #584: 55 146
Case #585: 226 871
Case #586: 191 449
Case #587: 8 610
Case #588: 54 141
Case #589: 464 955
Case #590: 74 670
Case #591: 431 986
Case #592: 92 965
Case #593: 285 858
Case #594: 155 558
Case #595: 211 704
Case #596: 83 530
Case #597: 3 812
Case #598: 86 866
Case #599: 378 804
Case #600: 200 432
Case #601: 83 218
Case #602: 17 592
Case #603: 224 521
Case #604: 202 656
Case #605: 5 628
Case #606: 185 945
Case #607: 261 860
Case #608: 368 863
Case #609: 100 574
Case #610: 226 956
Case #611: 314 867
Case #612: 439 893
Case #613: 466 964
Case #614: 21 931
Case #615: 31 443
Case #616: 274 792
Case #617: 68 741
Case #618: 217 681
Case #619: 14 497
Case #620: 18 720
Case #621: 67 721
Case #622: 240 589
Case #623: 183 462
Case #624: 149 678
Case #625: 79 634
Case #626: 368 888
Case #627: 131 444
Case #628: 244 907
Case #629: 98 753
Case #630: 119 566
Case #631: 28 542
Case #632: 71 192
Case #633: 259 923
Case #634: 250 709
Case #635: 32 727
Case #636: 56 987
Case #637: 251 630
Case #638: 27 597
Case #639: 203 954
Case #640: 76 267
Case #641: 171 963
Case #642: 244 931
Case #643: 365 826
Case #644: 146 491
Case #645: 192 579
Case #646: 147 764
Case #647: 277 970
Case #648: 69 691
Case #649: 136 854
Case #650: 214 806
Case #651: 408 838
Case #652: 222 835
Case #653: 138 653
Case #654: 163 499
Case #655: 340 785
Case #656: 147 960
Case #657: 173 425
Case #658: 3 510
Case #659: 254 965
Case #660: 78 320
Case #661: 154 773
Case #662: 324 848
Case #663: 400 907
Case #664: 48 632
Case #665: 4 211
Case #666: 205 486
Case #667: 201 604
Case #668: 129 344
Case #669: 202 699
Case #670: 328 718
Case #671: 9 984
Case #672: 166 551
Case #673: 190 794
Case #674: 379 863
Case #675: 105 936
Case #676: 83 933
Case #677: 2 869
Case #678: 365 827
Case #679: 322 784
Case #680: 48 495
Case #681: 408 906
Case #682: 219 516
Case #683: 61 643
Case #684: 69 657
Case #685: 354 740
Case #686: 262 832
Case #687: 154 428
Case #688: 264 808
Case #689: 65 929
Case #690: 87 691
Case #691: 54 938
Case #692: 113 227
Case #693: 12 684
Case #694: 132 426
Case #695: 74 441
Case #696: 446 963
Case #697: 145 296
Case #698: 279 906
Case #699: 3 749
Case #700: 190 792
Case #701: 150 345
Case #702: 178 455
Case #703: 79 929
Case #704: 52 556
Case #705: 58 594
Case #706: 37 249
Case #707: 183 475
Case #708: 161 653
Case #709: 390 902
Case #710: 99 336
Case #711: 87 461
Case #712: 217 489
Case #713: 460 923
Case #714: 156 683
Case #715: 163 883
Case #716: 304 964
Case #717: 14 113
Case #718: 6 565
Case #719: 229 860
Case #720: 149 566
Case #721: 79 308
Case #722: 323 941
Case #723: 65 587
Case #724: 10 192
Case #725: 60 309
Case #726: 162 409
Case #727: 77 432
Case #728: 73 440
Case #729: 1 798
Case #730: 120 490
Case #731: 5 364
Case #732: 277 871
Case #733: 15 529
Case #734: 226 962
Case #735: 7 193
Case #736: 127 265
Case #737: 333 721
Case #738: 260 599
Case #739: 199 993
Case #740: 200 436
Case #741: 333 732
Case #742: 128 725
Case #743: 67 614
Case #744: 271 719
Case #745: 159 980
Case #746: 87 904
Case #747: 177 492
Case #748: 323 702
Case #749: 273 742
Case #750: 118 825
Case #751: 56 267
Case #752: 8 967
Case #753: 176 816
Case #754: 84 739
Case #755: 158 769
Case #756: 213 490
Case #757: 80 714
Case #758: 133 689
Case #759: 24 567
Case #760: 349 827
Case #761: 78 177
Case #762: 185 889
Case #763: 185 959
Case #764: 160 980
Case #765: 147 829
Case #766: 187 798
Case #767: 375 806
Case #768: 107 664
Case #769: 155 440
Case #770: 55 406
Case #771: 101 447
Case #772: 18 956
Case #773: 173 495
Case #774: 30 265
Case #775: 480 982
Case #776: 296 863
Case #777: 38 431
Case #778: 198 589
Case #779: 56 344
Case #780: 187 450
Case #781: 279 934
Case #782: 56 884
Case #783: 104 636
Case #784: 97 887
Case #785: 309 906
Case #786: 276 684
Case #787: 262 711
Case #788: 39 901
Case #789: 27 63
Case #790: 174 472
Case #791: 263 555
Case #792: 70 278
Case #793: 203 471
Case #794: 285 777
Case #795: 304 867
Case #796: 254 859
Case #797: 117 891
Case #798: 18 261
Case #799: 274 616
Case #800: 32 174
Case #801: 85 529
Case #802: 94 999
Case #803: 35 308
Case #804: 66 630
Case #805: 23 468
Case #806: 429 859
Case #807: 401 804
Case #808: 178 488
Case #809: 301 654
Case #810: 43 829
Case #811: 193 831
Case #812: 200 952
Case #813: 190 900
Case #814: 17 798
Case #815: 101 793
Case #816: 104 528
Case #817: 37 528
Case #818: 298 798
Case #819: 147 974
Case #820: 94 589
Case #821: 48 960
Case #822: 25 532
Case #823: 40 812
Case #824: 222 638
Case #825: 91 755
Case #826: 95 592
Case #827: 378 866
Case #828: 67 419
Case #829: 15 835
Case #830: 167 889
Case #831: 417 853
Case #832: 111 628
Case #833: 258 567
Case #834: 17 609
Case #835: 43 136
Case #836: 78 251
Case #837: 173 866
Case #838: 315 640
Case #839: 97 870
Case #840: 172 595
Case #841: 25 732
Case #842: 181 876
Case #843: 249 977
Case #844: 324 917
Case #845: 186 418
Case #846: 2 633
Case #847: 8 818
Case #848: 33 969
Case #849: 65 985
Case #850: 347 932
Case #851: 138 815
Case #852: 468 939
Case #853: 214 697
Case #854: 53 701
Case #855: 430 903
Case #856: 3 469
Case #857: 64 696
Case #858: 195 702
Case #859: 295 617
Case #860: 441 924
Case #861: 142 696
Case #862: 157 667
Case #863: 302 658
Case #864: 132 814
Case #865: 71 444
Case #866: 162 940
Case #867: 301 951
Case #868: 55 390
Case #869: 236 601
Case #870: 106 821
Case #871: 259 699
Case #872: 306 821
Case #873: 96 257
Case #874: 418 963
Case #875: 40 957
Case #876: 88 772
Case #877: 127 780
Case #878: 104 814
Case #879: 114 594
Case #880: 117 931
Case #881: 38 593
Case #882: 11 330
Case #883: 162 507
Case #884: 131 286
Case #885: 229 470
Case #886: 11 791
Case #887: 124 477
Case #888: 256 911
Case #889: 292 698
Case #890: 176 709
Case #891: 360 791
Case #892: 154 462
Case #893: 198 942
Case #894: 173 777
Case #895: 55 133
Case #896: 12 889
Case #897: 202 986
Case #898: 116 678
Case #899: 72 305
Case #900: 140 784
Case #901: 47 238
Case #902: 146 946
Case #903: 277 879
Case #904: 158 745
Case #905: 45 302
Case #906: 96 261
Case #907: 206 754
Case #908: 203 912
Case #909: 148 931
Case #910: 22 237
Case #911: 427 955
Case #912: 21 512
Case #913: 498 1000
Case #914: 301 871
Case #915: 87 774
Case #916: 33 666
Case #917: 206 424
Case #918: 181 735
Case #919: 53 766
Case #920: 97 560
Case #921: 118 520
Case #922: 126 967
Case #923: 332 746
Case #924: 361 995
Case #925: 36 150
Case #926: 263 889
Case #927: 13 566
Case #928: 205 993
Case #929: 102 338
Case #930: 33 477
Case #931: 269 669
Case #932: 76 370
Case #933: 72 867
Case #934: 302 882
Case #935: 33 852
Case #936: 339 792
Case #937: 48 464
Case #938: 54 344
Case #939: 216 485
Case #940: 177 411
Case #941: 175 724
Case #942: 188 797
Case #943: 380 857
Case #944: 356 858
Case #945: 228 771
Case #946: 27 439
Case #947: 25 204
Case #948: 297 658
Case #949: 187 726
Case #950: 12 107
Case #951: 248 622
Case #952: 428 952
Case #953: 159 653
Case #954: 67 839
Case #955: 139 886
Case #956: 72 605
Case #957: 176 662
Case #958: 271 627
Case #959: 105 241
Case #960: 365 865
Case #961: 340 805
Case #962: 2 651
Case #963: 431 931
Case #964: 35 914
Case #965: 12 534
Case #966: 346 799
Case #967: 359 788
Case #968: 5 645
Case #969: 332 701
Case #970: 338 827
Case #971: 156 359
Case #972: 58 591
Case #973: 420 847
Case #974: 132 265
Case #975: 25 257
Case #976: 308 744
Case #977: 133 488
Case #978: 15 345
Case #979: 18 829
Case #980: 175 865
Case #981: 274 606
Case #982: 104 810
Case #983: 254 853
Case #984: 288 828
Case #985: 86 384
Case #986: 219 655
Case #987: 27 659
Case #988: 131 539
Case #989: 307 769
Case #990: 50 810
Case #991: 1 495
Case #992: 229 629
Case #993: 147 536
Case #994: 351 874
Case #995: 60 660
Case #996: 256 869
Case #997: 119 305
Case #998: 117 467
Case #999: 337 953
Case #1000: 111 696
